<?xml version="1.0" encoding="UTF-8"?>
<!-- Generated by org.testng.reporters.JUnitXMLReporter -->
<testsuite ignored="0" hostname="MKOTHALE" failures="0" tests="10" name="Surefire test" time="27.944" errors="0" timestamp="2023-10-12T15:55:06 IST">
  <testcase classname="api.test.DDTests" name="testPostUser" time="4.902"/>
  <testcase classname="api.test.DDTests" name="testPostUser" time="2.475"/>
  <testcase classname="api.test.DDTests" name="testPostUser" time="2.871"/>
  <testcase classname="api.test.DDTests" name="testDeleteUserByName" time="2.058"/>
  <testcase classname="api.test.DDTests" name="testDeleteUserByName" time="2.042"/>
  <testcase classname="api.test.DDTests" name="testDeleteUserByName" time="1.837"/>
  <testcase classname="api.test.UserTests" name="testPostUser" time="2.221"/>
  <testcase classname="api.test.UserTests" name="testGetUserByName" time="1.571"/>
  <testcase classname="api.test.UserTests" name="testUpdateUserByName" time="3.887"/>
  <testcase classname="api.test.UserTests" name="testDeleteUserByName" time="1.768"/>
</testsuite> <!-- Surefire test -->
