<?xml version="1.0" encoding="UTF-8"?>
<!-- Generated by org.testng.reporters.JUnitXMLReporter -->
<testsuite ignored="0" hostname="MKOTHALE" failures="0" tests="4" name="Default test" time="227.451" errors="0" timestamp="2023-10-10T21:26:31 IST">
  <testcase classname="api.test.UserTests" name="testPostUser" time="48.756"/>
  <testcase classname="api.test.UserTests" name="testGetUserByName" time="44.078"/>
  <testcase classname="api.test.UserTests" name="testUpdateUserByName" time="89.261"/>
  <testcase classname="api.test.UserTests" name="testDeleteUserByName" time="44.511"/>
</testsuite> <!-- Default test -->
