<?xml version="1.0" encoding="UTF-8"?>
<!-- Generated by org.testng.reporters.JUnitXMLReporter -->
<testsuite ignored="0" hostname="MKOTHALE" failures="0" tests="4" name="Test" time="223.584" errors="0" timestamp="2023-10-11T18:51:33 IST">
  <testcase classname="api.test.UserTests2" name="testPostUser" time="47.046"/>
  <testcase classname="api.test.UserTests2" name="testGetUserByName" time="43.717"/>
  <testcase classname="api.test.UserTests2" name="testUpdateUserByName" time="87.978"/>
  <testcase classname="api.test.UserTests2" name="testDeleteUserByName" time="43.768"/>
</testsuite> <!-- Test -->
