<?xml version="1.0" encoding="UTF-8"?>
<testng-results ignored="0" total="10" passed="10" failed="0" skipped="0">
  <reporter-output>
  </reporter-output>
  <suite started-at="2023-10-12T15:54:38 IST" name="Surefire suite" finished-at="2023-10-12T15:55:06 IST" duration-ms="27944">
    <groups>
    </groups>
    <test started-at="2023-10-12T15:54:38 IST" name="Surefire test" finished-at="2023-10-12T15:55:06 IST" duration-ms="27944">
      <class name="api.test.UserTests">
        <test-method is-config="true" signature="setupData()[pri:0, instance:api.test.UserTests@bd4dc25]" started-at="2023-10-12T15:54:56 IST" name="setupData" finished-at="2023-10-12T15:54:57 IST" duration-ms="205" status="PASS">
          <reporter-output>
          </reporter-output>
        </test-method> <!-- setupData -->
        <test-method signature="testPostUser()[pri:1, instance:api.test.UserTests@bd4dc25]" started-at="2023-10-12T15:54:57 IST" name="testPostUser" finished-at="2023-10-12T15:54:59 IST" duration-ms="2221" status="PASS">
          <reporter-output>
          </reporter-output>
        </test-method> <!-- testPostUser -->
        <test-method signature="testGetUserByName()[pri:2, instance:api.test.UserTests@bd4dc25]" started-at="2023-10-12T15:54:59 IST" name="testGetUserByName" finished-at="2023-10-12T15:55:00 IST" duration-ms="1571" status="PASS">
          <reporter-output>
          </reporter-output>
        </test-method> <!-- testGetUserByName -->
        <test-method signature="testUpdateUserByName()[pri:3, instance:api.test.UserTests@bd4dc25]" started-at="2023-10-12T15:55:00 IST" name="testUpdateUserByName" finished-at="2023-10-12T15:55:04 IST" duration-ms="3887" status="PASS">
          <reporter-output>
          </reporter-output>
        </test-method> <!-- testUpdateUserByName -->
        <test-method signature="testDeleteUserByName()[pri:4, instance:api.test.UserTests@bd4dc25]" started-at="2023-10-12T15:55:04 IST" name="testDeleteUserByName" finished-at="2023-10-12T15:55:06 IST" duration-ms="1768" status="PASS">
          <reporter-output>
          </reporter-output>
        </test-method> <!-- testDeleteUserByName -->
      </class> <!-- api.test.UserTests -->
      <class name="api.test.DDTests">
        <test-method signature="testPostUser(java.lang.String,java.lang.String,java.lang.String,java.lang.String,java.lang.String,java.lang.String,java.lang.String)[pri:1, instance:api.test.DDTests@5fd4f8f5]" started-at="2023-10-12T15:54:40 IST" name="testPostUser" data-provider="Data" finished-at="2023-10-12T15:54:45 IST" duration-ms="4902" status="PASS">
          <params>
            <param index="0">
              <value>
                <![CDATA[1010]]>
              </value>
            </param>
            <param index="1">
              <value>
                <![CDATA[TestUser1]]>
              </value>
            </param>
            <param index="2">
              <value>
                <![CDATA[John]]>
              </value>
            </param>
            <param index="3">
              <value>
                <![CDATA[Son]]>
              </value>
            </param>
            <param index="4">
              <value>
                <![CDATA[John12@gmail.com]]>
              </value>
            </param>
            <param index="5">
              <value>
                <![CDATA[john@12]]>
              </value>
            </param>
            <param index="6">
              <value>
                <![CDATA[9874563225]]>
              </value>
            </param>
          </params>
          <reporter-output>
          </reporter-output>
        </test-method> <!-- testPostUser -->
        <test-method signature="testPostUser(java.lang.String,java.lang.String,java.lang.String,java.lang.String,java.lang.String,java.lang.String,java.lang.String)[pri:1, instance:api.test.DDTests@5fd4f8f5]" started-at="2023-10-12T15:54:45 IST" name="testPostUser" data-provider="Data" finished-at="2023-10-12T15:54:48 IST" duration-ms="2475" status="PASS">
          <params>
            <param index="0">
              <value>
                <![CDATA[1011]]>
              </value>
            </param>
            <param index="1">
              <value>
                <![CDATA[TestUser2]]>
              </value>
            </param>
            <param index="2">
              <value>
                <![CDATA[David]]>
              </value>
            </param>
            <param index="3">
              <value>
                <![CDATA[Warner]]>
              </value>
            </param>
            <param index="4">
              <value>
                <![CDATA[davi14@gmail.com]]>
              </value>
            </param>
            <param index="5">
              <value>
                <![CDATA[david@123]]>
              </value>
            </param>
            <param index="6">
              <value>
                <![CDATA[8955564252]]>
              </value>
            </param>
          </params>
          <reporter-output>
          </reporter-output>
        </test-method> <!-- testPostUser -->
        <test-method signature="testPostUser(java.lang.String,java.lang.String,java.lang.String,java.lang.String,java.lang.String,java.lang.String,java.lang.String)[pri:1, instance:api.test.DDTests@5fd4f8f5]" started-at="2023-10-12T15:54:48 IST" name="testPostUser" data-provider="Data" finished-at="2023-10-12T15:54:50 IST" duration-ms="2871" status="PASS">
          <params>
            <param index="0">
              <value>
                <![CDATA[1012]]>
              </value>
            </param>
            <param index="1">
              <value>
                <![CDATA[TestUser3]]>
              </value>
            </param>
            <param index="2">
              <value>
                <![CDATA[Nick]]>
              </value>
            </param>
            <param index="3">
              <value>
                <![CDATA[Thomas]]>
              </value>
            </param>
            <param index="4">
              <value>
                <![CDATA[nick@gmail.com]]>
              </value>
            </param>
            <param index="5">
              <value>
                <![CDATA[thomas@789]]>
              </value>
            </param>
            <param index="6">
              <value>
                <![CDATA[7225845647]]>
              </value>
            </param>
          </params>
          <reporter-output>
          </reporter-output>
        </test-method> <!-- testPostUser -->
        <test-method signature="testDeleteUserByName(java.lang.String)[pri:2, instance:api.test.DDTests@5fd4f8f5]" started-at="2023-10-12T15:54:51 IST" name="testDeleteUserByName" data-provider="UserNames" finished-at="2023-10-12T15:54:53 IST" duration-ms="2058" status="PASS">
          <params>
            <param index="0">
              <value>
                <![CDATA[TestUser1]]>
              </value>
            </param>
          </params>
          <reporter-output>
          </reporter-output>
        </test-method> <!-- testDeleteUserByName -->
        <test-method signature="testDeleteUserByName(java.lang.String)[pri:2, instance:api.test.DDTests@5fd4f8f5]" started-at="2023-10-12T15:54:53 IST" name="testDeleteUserByName" data-provider="UserNames" finished-at="2023-10-12T15:54:55 IST" duration-ms="2042" status="PASS">
          <params>
            <param index="0">
              <value>
                <![CDATA[TestUser2]]>
              </value>
            </param>
          </params>
          <reporter-output>
          </reporter-output>
        </test-method> <!-- testDeleteUserByName -->
        <test-method signature="testDeleteUserByName(java.lang.String)[pri:2, instance:api.test.DDTests@5fd4f8f5]" started-at="2023-10-12T15:54:55 IST" name="testDeleteUserByName" data-provider="UserNames" finished-at="2023-10-12T15:54:56 IST" duration-ms="1837" status="PASS">
          <params>
            <param index="0">
              <value>
                <![CDATA[TestUser3]]>
              </value>
            </param>
          </params>
          <reporter-output>
          </reporter-output>
        </test-method> <!-- testDeleteUserByName -->
      </class> <!-- api.test.DDTests -->
    </test> <!-- Surefire test -->
  </suite> <!-- Surefire suite -->
</testng-results>
